app/build/outputs/logs/manifest-merger-debug-report.txt
-- Merging decision tree log ---
manifest
ADDED from AndroidManifest.xml:2:1
	xmlns:android
		ADDED from AndroidManifest.xml:2:11
	package
		ADDED from AndroidManifest.xml:3:7
		INJECTED from AndroidManifest.xml:0:0
		INJECTED from AndroidManifest.xml:0:0
	android:versionName
		ADDED from AndroidManifest.xml:5:7
	android:versionCode
		ADDED from AndroidManifest.xml:4:7
		INJECTED from AndroidManifest.xml:0:0
		INJECTED from AndroidManifest.xml:0:0
uses-sdk
ADDED from AndroidManifest.xml:6:5
	android:targetSdkVersion
		INJECTED from AndroidManifest.xml:0:0
		INJECTED from AndroidManifest.xml:0:0
	android:minSdkVersion
		ADDED from AndroidManifest.xml:6:15
		INJECTED from AndroidManifest.xml:0:0
		INJECTED from AndroidManifest.xml:0:0
uses-permission#android.permission.RECEIVE_SMS
ADDED from AndroidManifest.xml:7:1
	android:name
		ADDED from AndroidManifest.xml:7:18
uses-permission#android.permission.INTERNET
ADDED from AndroidManifest.xml:8:2
	android:name
		ADDED from AndroidManifest.xml:8:19
uses-permission#android.permission.SEND_SMS
ADDED from AndroidManifest.xml:9:2
	android:name
		ADDED from AndroidManifest.xml:9:19
application
ADDED from AndroidManifest.xml:10:5
	android:label
		ADDED from AndroidManifest.xml:10:48
	android:icon
		ADDED from AndroidManifest.xml:10:18
activity#com.ayaan.AyaanActivity
ADDED from AndroidManifest.xml:11:9
	android:label
		ADDED from AndroidManifest.xml:12:19
	android:name
		ADDED from AndroidManifest.xml:11:19
intent-filter#android.intent.action.MAIN+android.intent.category.LAUNCHER
ADDED from AndroidManifest.xml:13:13
action#android.intent.action.MAIN
ADDED from AndroidManifest.xml:14:17
	android:name
		ADDED from AndroidManifest.xml:14:25
category#android.intent.category.LAUNCHER
ADDED from AndroidManifest.xml:15:17
	android:name
		ADDED from AndroidManifest.xml:15:27
activity#com.ayaan.RegisterActivity
ADDED from AndroidManifest.xml:18:1
	android:label
		ADDED from AndroidManifest.xml:18:44
	android:name
		ADDED from AndroidManifest.xml:18:11
activity#com.ayaan.TestActivity
ADDED from AndroidManifest.xml:19:5
	android:label
		ADDED from AndroidManifest.xml:19:45
	android:name
		ADDED from AndroidManifest.xml:19:15
activity#com.ayaan.ManageActivity
ADDED from AndroidManifest.xml:20:5
	android:label
		ADDED from AndroidManifest.xml:20:47
	android:name
		ADDED from AndroidManifest.xml:20:15
activity#com.ayaan.AttendanceActivity
ADDED from AndroidManifest.xml:21:5
	android:label
		ADDED from AndroidManifest.xml:21:51
	android:name
		ADDED from AndroidManifest.xml:21:15
activity#com.ayaan.Register_adminActivity
ADDED from AndroidManifest.xml:22:5
	android:label
		ADDED from AndroidManifest.xml:22:55
	android:name
		ADDED from AndroidManifest.xml:22:15
activity#com.ayaan.Admin_homeActivity
ADDED from AndroidManifest.xml:23:6
	android:label
		ADDED from AndroidManifest.xml:23:52
	android:name
		ADDED from AndroidManifest.xml:23:16
activity#com.ayaan.StudentActivity
ADDED from AndroidManifest.xml:24:6
	android:label
		ADDED from AndroidManifest.xml:24:49
	android:name
		ADDED from AndroidManifest.xml:24:16
activity#com.ayaan.FactultyActivity
ADDED from AndroidManifest.xml:25:6
	android:label
		ADDED from AndroidManifest.xml:25:50
	android:name
		ADDED from AndroidManifest.xml:25:16
activity#com.ayaan.ViewActivity
ADDED from AndroidManifest.xml:26:7
	android:label
		ADDED from AndroidManifest.xml:26:47
	android:name
		ADDED from AndroidManifest.xml:26:17